{"/home/danny/repos/LinkedList/LinkedList.js": {"path":"/home/danny/repos/LinkedList/LinkedList.js","statementMap":{"0":{"start":{"line":4,"column":8},"end":{"line":4,"column":25}},"1":{"start":{"line":5,"column":8},"end":{"line":5,"column":25}},"2":{"start":{"line":6,"column":8},"end":{"line":6,"column":24}},"3":{"start":{"line":11,"column":24},"end":{"line":11,"column":45}},"4":{"start":{"line":12,"column":8},"end":{"line":20,"column":9}},"5":{"start":{"line":14,"column":12},"end":{"line":14,"column":32}},"6":{"start":{"line":15,"column":12},"end":{"line":15,"column":32}},"7":{"start":{"line":18,"column":12},"end":{"line":18,"column":37}},"8":{"start":{"line":19,"column":12},"end":{"line":19,"column":32}},"9":{"start":{"line":22,"column":8},"end":{"line":22,"column":22}},"10":{"start":{"line":27,"column":24},"end":{"line":27,"column":50}},"11":{"start":{"line":28,"column":8},"end":{"line":28,"column":28}},"12":{"start":{"line":29,"column":8},"end":{"line":29,"column":22}},"13":{"start":{"line":34,"column":8},"end":{"line":34,"column":27}},"14":{"start":{"line":39,"column":8},"end":{"line":39,"column":25}},"15":{"start":{"line":44,"column":8},"end":{"line":44,"column":25}},"16":{"start":{"line":49,"column":8},"end":{"line":51,"column":9}},"17":{"start":{"line":50,"column":12},"end":{"line":50,"column":24}},"18":{"start":{"line":52,"column":22},"end":{"line":52,"column":31}},"19":{"start":{"line":53,"column":8},"end":{"line":55,"column":9}},"20":{"start":{"line":53,"column":21},"end":{"line":53,"column":22}},"21":{"start":{"line":54,"column":12},"end":{"line":54,"column":35}},"22":{"start":{"line":56,"column":8},"end":{"line":56,"column":23}},"23":{"start":{"line":61,"column":8},"end":{"line":65,"column":9}},"24":{"start":{"line":61,"column":27},"end":{"line":61,"column":36}},"25":{"start":{"line":62,"column":12},"end":{"line":64,"column":13}},"26":{"start":{"line":63,"column":16},"end":{"line":63,"column":28}},"27":{"start":{"line":66,"column":8},"end":{"line":66,"column":21}},"28":{"start":{"line":71,"column":20},"end":{"line":71,"column":21}},"29":{"start":{"line":72,"column":8},"end":{"line":77,"column":9}},"30":{"start":{"line":72,"column":27},"end":{"line":72,"column":36}},"31":{"start":{"line":73,"column":12},"end":{"line":75,"column":13}},"32":{"start":{"line":74,"column":16},"end":{"line":74,"column":29}},"33":{"start":{"line":76,"column":12},"end":{"line":76,"column":20}},"34":{"start":{"line":78,"column":8},"end":{"line":78,"column":20}},"35":{"start":{"line":83,"column":23},"end":{"line":83,"column":25}},"36":{"start":{"line":84,"column":22},"end":{"line":84,"column":31}},"37":{"start":{"line":85,"column":8},"end":{"line":88,"column":9}},"38":{"start":{"line":86,"column":12},"end":{"line":86,"column":39}},"39":{"start":{"line":87,"column":12},"end":{"line":87,"column":35}},"40":{"start":{"line":89,"column":8},"end":{"line":89,"column":75}},"41":{"start":{"line":89,"column":39},"end":{"line":89,"column":49}},"42":{"start":{"line":95,"column":8},"end":{"line":97,"column":9}},"43":{"start":{"line":96,"column":12},"end":{"line":96,"column":24}},"44":{"start":{"line":99,"column":8},"end":{"line":101,"column":9}},"45":{"start":{"line":100,"column":12},"end":{"line":100,"column":39}},"46":{"start":{"line":103,"column":8},"end":{"line":105,"column":9}},"47":{"start":{"line":104,"column":12},"end":{"line":104,"column":38}},"48":{"start":{"line":107,"column":28},"end":{"line":107,"column":67}},"49":{"start":{"line":109,"column":22},"end":{"line":109,"column":31}},"50":{"start":{"line":110,"column":8},"end":{"line":112,"column":9}},"51":{"start":{"line":110,"column":21},"end":{"line":110,"column":22}},"52":{"start":{"line":111,"column":12},"end":{"line":111,"column":35}},"53":{"start":{"line":114,"column":21},"end":{"line":114,"column":50}},"54":{"start":{"line":115,"column":8},"end":{"line":115,"column":28}},"55":{"start":{"line":116,"column":8},"end":{"line":116,"column":22}},"56":{"start":{"line":122,"column":8},"end":{"line":124,"column":9}},"57":{"start":{"line":123,"column":12},"end":{"line":123,"column":24}},"58":{"start":{"line":126,"column":22},"end":{"line":126,"column":31}},"59":{"start":{"line":128,"column":8},"end":{"line":139,"column":9}},"60":{"start":{"line":129,"column":12},"end":{"line":129,"column":37}},"61":{"start":{"line":132,"column":23},"end":{"line":132,"column":27}},"62":{"start":{"line":133,"column":12},"end":{"line":136,"column":13}},"63":{"start":{"line":133,"column":25},"end":{"line":133,"column":26}},"64":{"start":{"line":134,"column":16},"end":{"line":134,"column":31}},"65":{"start":{"line":135,"column":16},"end":{"line":135,"column":39}},"66":{"start":{"line":138,"column":12},"end":{"line":138,"column":37}},"67":{"start":{"line":141,"column":8},"end":{"line":141,"column":22}},"68":{"start":{"line":147,"column":8},"end":{"line":149,"column":9}},"69":{"start":{"line":148,"column":12},"end":{"line":148,"column":24}},"70":{"start":{"line":151,"column":22},"end":{"line":151,"column":31}},"71":{"start":{"line":152,"column":19},"end":{"line":152,"column":23}},"72":{"start":{"line":154,"column":8},"end":{"line":157,"column":9}},"73":{"start":{"line":155,"column":12},"end":{"line":155,"column":27}},"74":{"start":{"line":156,"column":12},"end":{"line":156,"column":35}},"75":{"start":{"line":159,"column":8},"end":{"line":165,"column":9}},"76":{"start":{"line":160,"column":12},"end":{"line":160,"column":29}},"77":{"start":{"line":161,"column":12},"end":{"line":161,"column":29}},"78":{"start":{"line":163,"column":12},"end":{"line":163,"column":29}},"79":{"start":{"line":164,"column":12},"end":{"line":164,"column":29}},"80":{"start":{"line":167,"column":8},"end":{"line":167,"column":22}},"81":{"start":{"line":173,"column":8},"end":{"line":173,"column":27}},"82":{"start":{"line":174,"column":8},"end":{"line":174,"column":25}},"83":{"start":{"line":178,"column":0},"end":{"line":184,"column":1}},"84":{"start":{"line":179,"column":17},"end":{"line":179,"column":33}},"85":{"start":{"line":180,"column":4},"end":{"line":182,"column":5}},"86":{"start":{"line":180,"column":17},"end":{"line":180,"column":33}},"87":{"start":{"line":181,"column":8},"end":{"line":181,"column":35}},"88":{"start":{"line":183,"column":4},"end":{"line":183,"column":16}},"89":{"start":{"line":186,"column":0},"end":{"line":186,"column":27}}},"fnMap":{"0":{"name":"(anonymous_0)","decl":{"start":{"line":2,"column":4},"end":{"line":2,"column":5}},"loc":{"start":{"line":2,"column":18},"end":{"line":7,"column":5}},"line":2},"1":{"name":"(anonymous_1)","decl":{"start":{"line":10,"column":4},"end":{"line":10,"column":5}},"loc":{"start":{"line":10,"column":18},"end":{"line":23,"column":5}},"line":10},"2":{"name":"(anonymous_2)","decl":{"start":{"line":26,"column":4},"end":{"line":26,"column":5}},"loc":{"start":{"line":26,"column":19},"end":{"line":30,"column":5}},"line":26},"3":{"name":"(anonymous_3)","decl":{"start":{"line":33,"column":4},"end":{"line":33,"column":5}},"loc":{"start":{"line":33,"column":11},"end":{"line":35,"column":5}},"line":33},"4":{"name":"(anonymous_4)","decl":{"start":{"line":38,"column":4},"end":{"line":38,"column":5}},"loc":{"start":{"line":38,"column":17},"end":{"line":40,"column":5}},"line":38},"5":{"name":"(anonymous_5)","decl":{"start":{"line":43,"column":4},"end":{"line":43,"column":5}},"loc":{"start":{"line":43,"column":17},"end":{"line":45,"column":5}},"line":43},"6":{"name":"(anonymous_6)","decl":{"start":{"line":48,"column":4},"end":{"line":48,"column":5}},"loc":{"start":{"line":48,"column":14},"end":{"line":57,"column":5}},"line":48},"7":{"name":"(anonymous_7)","decl":{"start":{"line":60,"column":4},"end":{"line":60,"column":5}},"loc":{"start":{"line":60,"column":20},"end":{"line":67,"column":5}},"line":60},"8":{"name":"(anonymous_8)","decl":{"start":{"line":70,"column":4},"end":{"line":70,"column":5}},"loc":{"start":{"line":70,"column":16},"end":{"line":79,"column":5}},"line":70},"9":{"name":"(anonymous_9)","decl":{"start":{"line":82,"column":4},"end":{"line":82,"column":5}},"loc":{"start":{"line":82,"column":15},"end":{"line":90,"column":5}},"line":82},"10":{"name":"(anonymous_10)","decl":{"start":{"line":89,"column":34},"end":{"line":89,"column":35}},"loc":{"start":{"line":89,"column":39},"end":{"line":89,"column":49}},"line":89},"11":{"name":"(anonymous_11)","decl":{"start":{"line":93,"column":4},"end":{"line":93,"column":5}},"loc":{"start":{"line":93,"column":27},"end":{"line":117,"column":5}},"line":93},"12":{"name":"(anonymous_12)","decl":{"start":{"line":120,"column":4},"end":{"line":120,"column":5}},"loc":{"start":{"line":120,"column":20},"end":{"line":142,"column":5}},"line":120},"13":{"name":"(anonymous_13)","decl":{"start":{"line":145,"column":4},"end":{"line":145,"column":5}},"loc":{"start":{"line":145,"column":10},"end":{"line":168,"column":5}},"line":145},"14":{"name":"(anonymous_14)","decl":{"start":{"line":172,"column":4},"end":{"line":172,"column":5}},"loc":{"start":{"line":172,"column":29},"end":{"line":175,"column":5}},"line":172},"15":{"name":"(anonymous_15)","decl":{"start":{"line":178,"column":24},"end":{"line":178,"column":25}},"loc":{"start":{"line":178,"column":44},"end":{"line":184,"column":1}},"line":178}},"branchMap":{"0":{"loc":{"start":{"line":12,"column":8},"end":{"line":20,"column":9}},"type":"if","locations":[{"start":{"line":12,"column":8},"end":{"line":20,"column":9}},{"start":{"line":16,"column":15},"end":{"line":20,"column":9}}],"line":12},"1":{"loc":{"start":{"line":49,"column":8},"end":{"line":51,"column":9}},"type":"if","locations":[{"start":{"line":49,"column":8},"end":{"line":51,"column":9}},{"start":{},"end":{}}],"line":49},"2":{"loc":{"start":{"line":49,"column":12},"end":{"line":49,"column":45}},"type":"binary-expr","locations":[{"start":{"line":49,"column":12},"end":{"line":49,"column":21}},{"start":{"line":49,"column":25},"end":{"line":49,"column":45}}],"line":49},"3":{"loc":{"start":{"line":62,"column":12},"end":{"line":64,"column":13}},"type":"if","locations":[{"start":{"line":62,"column":12},"end":{"line":64,"column":13}},{"start":{},"end":{}}],"line":62},"4":{"loc":{"start":{"line":73,"column":12},"end":{"line":75,"column":13}},"type":"if","locations":[{"start":{"line":73,"column":12},"end":{"line":75,"column":13}},{"start":{},"end":{}}],"line":73},"5":{"loc":{"start":{"line":95,"column":8},"end":{"line":97,"column":9}},"type":"if","locations":[{"start":{"line":95,"column":8},"end":{"line":97,"column":9}},{"start":{},"end":{}}],"line":95},"6":{"loc":{"start":{"line":95,"column":12},"end":{"line":95,"column":44}},"type":"binary-expr","locations":[{"start":{"line":95,"column":12},"end":{"line":95,"column":21}},{"start":{"line":95,"column":25},"end":{"line":95,"column":44}}],"line":95},"7":{"loc":{"start":{"line":99,"column":8},"end":{"line":101,"column":9}},"type":"if","locations":[{"start":{"line":99,"column":8},"end":{"line":101,"column":9}},{"start":{},"end":{}}],"line":99},"8":{"loc":{"start":{"line":103,"column":8},"end":{"line":105,"column":9}},"type":"if","locations":[{"start":{"line":103,"column":8},"end":{"line":105,"column":9}},{"start":{},"end":{}}],"line":103},"9":{"loc":{"start":{"line":107,"column":28},"end":{"line":107,"column":67}},"type":"cond-expr","locations":[{"start":{"line":107,"column":40},"end":{"line":107,"column":59}},{"start":{"line":107,"column":62},"end":{"line":107,"column":67}}],"line":107},"10":{"loc":{"start":{"line":122,"column":8},"end":{"line":124,"column":9}},"type":"if","locations":[{"start":{"line":122,"column":8},"end":{"line":124,"column":9}},{"start":{},"end":{}}],"line":122},"11":{"loc":{"start":{"line":122,"column":12},"end":{"line":122,"column":45}},"type":"binary-expr","locations":[{"start":{"line":122,"column":12},"end":{"line":122,"column":21}},{"start":{"line":122,"column":25},"end":{"line":122,"column":45}}],"line":122},"12":{"loc":{"start":{"line":128,"column":8},"end":{"line":139,"column":9}},"type":"if","locations":[{"start":{"line":128,"column":8},"end":{"line":139,"column":9}},{"start":{"line":130,"column":15},"end":{"line":139,"column":9}}],"line":128},"13":{"loc":{"start":{"line":147,"column":8},"end":{"line":149,"column":9}},"type":"if","locations":[{"start":{"line":147,"column":8},"end":{"line":149,"column":9}},{"start":{},"end":{}}],"line":147},"14":{"loc":{"start":{"line":159,"column":8},"end":{"line":165,"column":9}},"type":"if","locations":[{"start":{"line":159,"column":8},"end":{"line":165,"column":9}},{"start":{"line":162,"column":15},"end":{"line":165,"column":9}}],"line":159}},"s":{"0":17,"1":17,"2":17,"3":42,"4":42,"5":16,"6":16,"7":26,"8":26,"9":42,"10":3,"11":3,"12":3,"13":5,"14":1,"15":1,"16":2,"17":0,"18":2,"19":2,"20":2,"21":3,"22":2,"23":2,"24":2,"25":5,"26":1,"27":1,"28":2,"29":2,"30":2,"31":6,"32":1,"33":5,"34":1,"35":0,"36":0,"37":0,"38":0,"39":0,"40":0,"41":0,"42":4,"43":2,"44":2,"45":1,"46":1,"47":0,"48":1,"49":1,"50":1,"51":1,"52":0,"53":1,"54":1,"55":1,"56":4,"57":2,"58":2,"59":2,"60":1,"61":1,"62":1,"63":1,"64":2,"65":2,"66":1,"67":2,"68":1,"69":0,"70":1,"71":1,"72":1,"73":2,"74":2,"75":1,"76":1,"77":1,"78":0,"79":0,"80":1,"81":46,"82":46,"83":1,"84":0,"85":0,"86":0,"87":0,"88":0,"89":1},"f":{"0":17,"1":42,"2":3,"3":5,"4":1,"5":1,"6":2,"7":2,"8":2,"9":0,"10":0,"11":4,"12":4,"13":1,"14":46,"15":0},"b":{"0":[16,26],"1":[0,2],"2":[2,2],"3":[1,4],"4":[1,5],"5":[2,2],"6":[4,3],"7":[1,1],"8":[0,1],"9":[0,1],"10":[2,2],"11":[4,3],"12":[1,1],"13":[0,1],"14":[1,0]},"_coverageSchema":"1a1c01bbd47fc00a2c39e90264f33305004495a9","hash":"52ce9dc351aaf94050b3d730dab033559d183f2a"}
}
