TN:
SF:LinkedList.js
FN:2,(anonymous_0)
FN:10,(anonymous_1)
FN:26,(anonymous_2)
FN:33,(anonymous_3)
FN:38,(anonymous_4)
FN:43,(anonymous_5)
FN:48,(anonymous_6)
FN:60,(anonymous_7)
FN:70,(anonymous_8)
FN:82,(anonymous_9)
FN:89,(anonymous_10)
FN:93,(anonymous_11)
FN:120,(anonymous_12)
FN:145,(anonymous_13)
FN:172,(anonymous_14)
FN:178,(anonymous_15)
FNF:16
FNH:13
FNDA:17,(anonymous_0)
FNDA:42,(anonymous_1)
FNDA:3,(anonymous_2)
FNDA:5,(anonymous_3)
FNDA:1,(anonymous_4)
FNDA:1,(anonymous_5)
FNDA:2,(anonymous_6)
FNDA:2,(anonymous_7)
FNDA:2,(anonymous_8)
FNDA:0,(anonymous_9)
FNDA:0,(anonymous_10)
FNDA:4,(anonymous_11)
FNDA:4,(anonymous_12)
FNDA:1,(anonymous_13)
FNDA:46,(anonymous_14)
FNDA:0,(anonymous_15)
DA:4,17
DA:5,17
DA:6,17
DA:11,42
DA:12,42
DA:14,16
DA:15,16
DA:18,26
DA:19,26
DA:22,42
DA:27,3
DA:28,3
DA:29,3
DA:34,5
DA:39,1
DA:44,1
DA:49,2
DA:50,0
DA:52,2
DA:53,2
DA:54,3
DA:56,2
DA:61,2
DA:62,5
DA:63,1
DA:66,1
DA:71,2
DA:72,2
DA:73,6
DA:74,1
DA:76,5
DA:78,1
DA:83,0
DA:84,0
DA:85,0
DA:86,0
DA:87,0
DA:89,0
DA:95,4
DA:96,2
DA:99,2
DA:100,1
DA:103,1
DA:104,0
DA:107,1
DA:109,1
DA:110,1
DA:111,0
DA:114,1
DA:115,1
DA:116,1
DA:122,4
DA:123,2
DA:126,2
DA:128,2
DA:129,1
DA:132,1
DA:133,1
DA:134,2
DA:135,2
DA:138,1
DA:141,2
DA:147,1
DA:148,0
DA:151,1
DA:152,1
DA:154,1
DA:155,2
DA:156,2
DA:159,1
DA:160,1
DA:161,1
DA:163,0
DA:164,0
DA:167,1
DA:173,46
DA:174,46
DA:178,1
DA:179,0
DA:180,0
DA:181,0
DA:183,0
DA:186,1
LF:83
LH:67
BRDA:12,0,0,16
BRDA:12,0,1,26
BRDA:49,1,0,0
BRDA:49,1,1,2
BRDA:49,2,0,2
BRDA:49,2,1,2
BRDA:62,3,0,1
BRDA:62,3,1,4
BRDA:73,4,0,1
BRDA:73,4,1,5
BRDA:95,5,0,2
BRDA:95,5,1,2
BRDA:95,6,0,4
BRDA:95,6,1,3
BRDA:99,7,0,1
BRDA:99,7,1,1
BRDA:103,8,0,0
BRDA:103,8,1,1
BRDA:107,9,0,0
BRDA:107,9,1,1
BRDA:122,10,0,2
BRDA:122,10,1,2
BRDA:122,11,0,4
BRDA:122,11,1,3
BRDA:128,12,0,1
BRDA:128,12,1,1
BRDA:147,13,0,0
BRDA:147,13,1,1
BRDA:159,14,0,1
BRDA:159,14,1,0
BRF:30
BRH:25
end_of_record
